{"C:\\Users\\candr\\Documents\\Pausin\\React Course\\reactCourse\\04-gifs-app\\src\\GifsApp.tsx": {"path":"C:\\Users\\candr\\Documents\\Pausin\\React Course\\reactCourse\\04-gifs-app\\src\\GifsApp.tsx","statementMap":{"0":{"start":{"line":8,"column":23},"end":{"line":33,"column":null}},"1":{"start":{"line":10,"column":66},"end":{"line":10,"column":null}}},"fnMap":{"0":{"name":"(anonymous_0)","decl":{"start":{"line":8,"column":23},"end":{"line":8,"column":null}},"loc":{"start":{"line":8,"column":23},"end":{"line":33,"column":null}},"line":8}},"branchMap":{},"s":{"0":1,"1":1},"f":{"0":1},"b":{},"meta":{"lastBranch":0,"lastFunction":1,"lastStatement":2,"seen":{"s:8:23:33:Infinity":0,"f:8:23:8:Infinity":0,"s:10:66:10:Infinity":1}}}
,"C:\\Users\\candr\\Documents\\Pausin\\React Course\\reactCourse\\04-gifs-app\\src\\counter\\components\\MyCounterApp.tsx": {"path":"C:\\Users\\candr\\Documents\\Pausin\\React Course\\reactCourse\\04-gifs-app\\src\\counter\\components\\MyCounterApp.tsx","statementMap":{"0":{"start":{"line":3,"column":28},"end":{"line":29,"column":null}},"1":{"start":{"line":5,"column":62},"end":{"line":5,"column":null}}},"fnMap":{"0":{"name":"(anonymous_0)","decl":{"start":{"line":3,"column":28},"end":{"line":3,"column":null}},"loc":{"start":{"line":3,"column":28},"end":{"line":29,"column":null}},"line":3}},"branchMap":{},"s":{"0":2,"1":10},"f":{"0":10},"b":{},"meta":{"lastBranch":0,"lastFunction":1,"lastStatement":2,"seen":{"s:3:28:29:Infinity":0,"f:3:28:3:Infinity":0,"s:5:62:5:Infinity":1}}}
,"C:\\Users\\candr\\Documents\\Pausin\\React Course\\reactCourse\\04-gifs-app\\src\\counter\\components\\hooks\\useCounter.tsx": {"path":"C:\\Users\\candr\\Documents\\Pausin\\React Course\\reactCourse\\04-gifs-app\\src\\counter\\components\\hooks\\useCounter.tsx","statementMap":{"0":{"start":{"line":3,"column":26},"end":{"line":27,"column":null}},"1":{"start":{"line":4,"column":31},"end":{"line":4,"column":null}},"2":{"start":{"line":6,"column":22},"end":{"line":8,"column":null}},"3":{"start":{"line":7,"column":8},"end":{"line":7,"column":null}},"4":{"start":{"line":10,"column":28},"end":{"line":12,"column":null}},"5":{"start":{"line":11,"column":8},"end":{"line":11,"column":null}},"6":{"start":{"line":14,"column":24},"end":{"line":16,"column":null}},"7":{"start":{"line":15,"column":8},"end":{"line":15,"column":null}},"8":{"start":{"line":18,"column":4},"end":{"line":25,"column":null}}},"fnMap":{"0":{"name":"(anonymous_0)","decl":{"start":{"line":3,"column":26},"end":{"line":3,"column":27}},"loc":{"start":{"line":3,"column":44},"end":{"line":27,"column":null}},"line":3},"1":{"name":"(anonymous_1)","decl":{"start":{"line":6,"column":22},"end":{"line":6,"column":null}},"loc":{"start":{"line":6,"column":22},"end":{"line":8,"column":null}},"line":6},"2":{"name":"(anonymous_2)","decl":{"start":{"line":10,"column":28},"end":{"line":10,"column":null}},"loc":{"start":{"line":10,"column":28},"end":{"line":12,"column":null}},"line":10},"3":{"name":"(anonymous_3)","decl":{"start":{"line":14,"column":24},"end":{"line":14,"column":null}},"loc":{"start":{"line":14,"column":24},"end":{"line":16,"column":null}},"line":14}},"branchMap":{"0":{"loc":{"start":{"line":3,"column":27},"end":{"line":3,"column":44}},"type":"default-arg","locations":[{"start":{"line":3,"column":42},"end":{"line":3,"column":44}}],"line":3}},"s":{"0":2,"1":17,"2":17,"3":2,"4":17,"5":4,"6":17,"7":2,"8":17},"f":{"0":17,"1":2,"2":4,"3":2},"b":{"0":[17]},"meta":{"lastBranch":1,"lastFunction":4,"lastStatement":9,"seen":{"s:3:26:27:Infinity":0,"f:3:26:3:27":0,"b:3:42:3:44":0,"s:4:31:4:Infinity":1,"s:6:22:8:Infinity":2,"f:6:22:6:Infinity":1,"s:7:8:7:Infinity":3,"s:10:28:12:Infinity":4,"f:10:28:10:Infinity":2,"s:11:8:11:Infinity":5,"s:14:24:16:Infinity":6,"f:14:24:14:Infinity":3,"s:15:8:15:Infinity":7,"s:18:4:25:Infinity":8}}}
,"C:\\Users\\candr\\Documents\\Pausin\\React Course\\reactCourse\\04-gifs-app\\src\\gifs\\actions\\get-gifs-by-query.action.ts": {"path":"C:\\Users\\candr\\Documents\\Pausin\\React Course\\reactCourse\\04-gifs-app\\src\\gifs\\actions\\get-gifs-by-query.action.ts","statementMap":{"0":{"start":{"line":5,"column":30},"end":{"line":32,"column":null}},"1":{"start":{"line":7,"column":4},"end":{"line":9,"column":null}},"2":{"start":{"line":8,"column":8},"end":{"line":8,"column":null}},"3":{"start":{"line":11,"column":4},"end":{"line":29,"column":null}},"4":{"start":{"line":12,"column":25},"end":{"line":17,"column":null}},"5":{"start":{"line":19,"column":8},"end":{"line":25,"column":null}},"6":{"start":{"line":19,"column":48},"end":{"line":25,"column":null}},"7":{"start":{"line":27,"column":8},"end":{"line":27,"column":null}},"8":{"start":{"line":28,"column":8},"end":{"line":28,"column":null}}},"fnMap":{"0":{"name":"(anonymous_0)","decl":{"start":{"line":5,"column":30},"end":{"line":5,"column":37}},"loc":{"start":{"line":5,"column":37},"end":{"line":32,"column":null}},"line":5},"1":{"name":"(anonymous_1)","decl":{"start":{"line":19,"column":38},"end":{"line":19,"column":39}},"loc":{"start":{"line":19,"column":48},"end":{"line":25,"column":null}},"line":19}},"branchMap":{"0":{"loc":{"start":{"line":7,"column":4},"end":{"line":9,"column":null}},"type":"if","locations":[{"start":{"line":7,"column":4},"end":{"line":9,"column":null}},{"start":{},"end":{}}],"line":7}},"s":{"0":3,"1":6,"2":1,"3":5,"4":5,"5":4,"6":40,"7":1,"8":1},"f":{"0":6,"1":40},"b":{"0":[1,5]},"meta":{"lastBranch":1,"lastFunction":2,"lastStatement":9,"seen":{"s:5:30:32:Infinity":0,"f:5:30:5:37":0,"b:7:4:9:Infinity:undefined:undefined:undefined:undefined":0,"s:7:4:9:Infinity":1,"s:8:8:8:Infinity":2,"s:11:4:29:Infinity":3,"s:12:25:17:Infinity":4,"s:19:8:25:Infinity":5,"f:19:38:19:39":1,"s:19:48:25:Infinity":6,"s:27:8:27:Infinity":7,"s:28:8:28:Infinity":8}}}
,"C:\\Users\\candr\\Documents\\Pausin\\React Course\\reactCourse\\04-gifs-app\\src\\gifs\\api\\giphy.api.ts": {"path":"C:\\Users\\candr\\Documents\\Pausin\\React Course\\reactCourse\\04-gifs-app\\src\\gifs\\api\\giphy.api.ts","statementMap":{"0":{"start":{"line":3,"column":24},"end":{"line":9,"column":null}}},"fnMap":{},"branchMap":{},"s":{"0":4},"f":{},"b":{},"meta":{"lastBranch":0,"lastFunction":0,"lastStatement":1,"seen":{"s:3:24:9:Infinity":0}}}
,"C:\\Users\\candr\\Documents\\Pausin\\React Course\\reactCourse\\04-gifs-app\\src\\gifs\\components\\GifContainer.tsx": {"path":"C:\\Users\\candr\\Documents\\Pausin\\React Course\\reactCourse\\04-gifs-app\\src\\gifs\\components\\GifContainer.tsx","statementMap":{"0":{"start":{"line":7,"column":23},"end":{"line":21,"column":null}}},"fnMap":{"0":{"name":"(anonymous_0)","decl":{"start":{"line":7,"column":23},"end":{"line":7,"column":24}},"loc":{"start":{"line":7,"column":39},"end":{"line":21,"column":null}},"line":7}},"branchMap":{},"s":{"0":1},"f":{"0":1},"b":{},"meta":{"lastBranch":0,"lastFunction":1,"lastStatement":1,"seen":{"s:7:23:21:Infinity":0,"f:7:23:7:24":0}}}
,"C:\\Users\\candr\\Documents\\Pausin\\React Course\\reactCourse\\04-gifs-app\\src\\gifs\\hooks\\useGifs.tsx": {"path":"C:\\Users\\candr\\Documents\\Pausin\\React Course\\reactCourse\\04-gifs-app\\src\\gifs\\hooks\\useGifs.tsx","statementMap":{"0":{"start":{"line":5,"column":23},"end":{"line":46,"column":null}},"1":{"start":{"line":6,"column":25},"end":{"line":6,"column":null}},"2":{"start":{"line":7,"column":43},"end":{"line":7,"column":null}},"3":{"start":{"line":9,"column":10},"end":{"line":9,"column":null}},"4":{"start":{"line":11,"column":30},"end":{"line":21,"column":null}},"5":{"start":{"line":12,"column":8},"end":{"line":15,"column":null}},"6":{"start":{"line":13,"column":12},"end":{"line":13,"column":null}},"7":{"start":{"line":14,"column":12},"end":{"line":14,"column":null}},"8":{"start":{"line":17,"column":21},"end":{"line":17,"column":null}},"9":{"start":{"line":18,"column":8},"end":{"line":18,"column":null}},"10":{"start":{"line":19,"column":8},"end":{"line":19,"column":null}},"11":{"start":{"line":23,"column":25},"end":{"line":36,"column":null}},"12":{"start":{"line":24,"column":8},"end":{"line":24,"column":null}},"13":{"start":{"line":26,"column":8},"end":{"line":26,"column":null}},"14":{"start":{"line":26,"column":32},"end":{"line":26,"column":null}},"15":{"start":{"line":28,"column":8},"end":{"line":28,"column":null}},"16":{"start":{"line":28,"column":43},"end":{"line":28,"column":null}},"17":{"start":{"line":30,"column":8},"end":{"line":30,"column":null}},"18":{"start":{"line":30,"column":38},"end":{"line":30,"column":null}},"19":{"start":{"line":32,"column":21},"end":{"line":32,"column":null}},"20":{"start":{"line":33,"column":8},"end":{"line":33,"column":null}},"21":{"start":{"line":35,"column":8},"end":{"line":35,"column":null}},"22":{"start":{"line":38,"column":4},"end":{"line":45,"column":null}}},"fnMap":{"0":{"name":"(anonymous_0)","decl":{"start":{"line":5,"column":23},"end":{"line":5,"column":null}},"loc":{"start":{"line":5,"column":23},"end":{"line":46,"column":null}},"line":5},"1":{"name":"(anonymous_1)","decl":{"start":{"line":11,"column":30},"end":{"line":11,"column":37}},"loc":{"start":{"line":11,"column":37},"end":{"line":21,"column":null}},"line":11},"2":{"name":"(anonymous_2)","decl":{"start":{"line":23,"column":25},"end":{"line":23,"column":32}},"loc":{"start":{"line":23,"column":50},"end":{"line":36,"column":null}},"line":23},"3":{"name":"(anonymous_3)","decl":{"start":{"line":30,"column":25},"end":{"line":30,"column":38}},"loc":{"start":{"line":30,"column":38},"end":{"line":30,"column":null}},"line":30}},"branchMap":{"0":{"loc":{"start":{"line":12,"column":8},"end":{"line":15,"column":null}},"type":"if","locations":[{"start":{"line":12,"column":8},"end":{"line":15,"column":null}},{"start":{},"end":{}}],"line":12},"1":{"loc":{"start":{"line":23,"column":32},"end":{"line":23,"column":50}},"type":"default-arg","locations":[{"start":{"line":23,"column":48},"end":{"line":23,"column":50}}],"line":23},"2":{"loc":{"start":{"line":26,"column":8},"end":{"line":26,"column":null}},"type":"if","locations":[{"start":{"line":26,"column":8},"end":{"line":26,"column":null}},{"start":{},"end":{}}],"line":26},"3":{"loc":{"start":{"line":28,"column":8},"end":{"line":28,"column":null}},"type":"if","locations":[{"start":{"line":28,"column":8},"end":{"line":28,"column":null}},{"start":{},"end":{}}],"line":28}},"s":{"0":2,"1":11,"2":11,"3":11,"4":11,"5":3,"6":1,"7":1,"8":2,"9":2,"10":2,"11":11,"12":10,"13":10,"14":0,"15":10,"16":0,"17":10,"18":10,"19":10,"20":10,"21":10,"22":11},"f":{"0":11,"1":3,"2":10,"3":10},"b":{"0":[1,2],"1":[10],"2":[0,10],"3":[0,10]},"meta":{"lastBranch":4,"lastFunction":4,"lastStatement":23,"seen":{"s:5:23:46:Infinity":0,"f:5:23:5:Infinity":0,"s:6:25:6:Infinity":1,"s:7:43:7:Infinity":2,"s:9:10:9:Infinity":3,"s:11:30:21:Infinity":4,"f:11:30:11:37":1,"b:12:8:15:Infinity:undefined:undefined:undefined:undefined":0,"s:12:8:15:Infinity":5,"s:13:12:13:Infinity":6,"s:14:12:14:Infinity":7,"s:17:21:17:Infinity":8,"s:18:8:18:Infinity":9,"s:19:8:19:Infinity":10,"s:23:25:36:Infinity":11,"f:23:25:23:32":2,"b:23:48:23:50":1,"s:24:8:24:Infinity":12,"b:26:8:26:Infinity:undefined:undefined:undefined:undefined":2,"s:26:8:26:Infinity":13,"s:26:32:26:Infinity":14,"b:28:8:28:Infinity:undefined:undefined:undefined:undefined":3,"s:28:8:28:Infinity":15,"s:28:43:28:Infinity":16,"s:30:8:30:Infinity":17,"f:30:25:30:38":3,"s:30:38:30:Infinity":18,"s:32:21:32:Infinity":19,"s:33:8:33:Infinity":20,"s:35:8:35:Infinity":21,"s:38:4:45:Infinity":22}}}
,"C:\\Users\\candr\\Documents\\Pausin\\React Course\\reactCourse\\04-gifs-app\\src\\shared\\components\\CustomHeader.tsx": {"path":"C:\\Users\\candr\\Documents\\Pausin\\React Course\\reactCourse\\04-gifs-app\\src\\shared\\components\\CustomHeader.tsx","statementMap":{"0":{"start":{"line":6,"column":28},"end":{"line":18,"column":null}}},"fnMap":{"0":{"name":"(anonymous_0)","decl":{"start":{"line":6,"column":28},"end":{"line":6,"column":29}},"loc":{"start":{"line":6,"column":58},"end":{"line":18,"column":null}},"line":6}},"branchMap":{},"s":{"0":2},"f":{"0":4},"b":{},"meta":{"lastBranch":0,"lastFunction":1,"lastStatement":1,"seen":{"s:6:28:18:Infinity":0,"f:6:28:6:29":0}}}
,"C:\\Users\\candr\\Documents\\Pausin\\React Course\\reactCourse\\04-gifs-app\\src\\shared\\components\\PreviousSearches.tsx": {"path":"C:\\Users\\candr\\Documents\\Pausin\\React Course\\reactCourse\\04-gifs-app\\src\\shared\\components\\PreviousSearches.tsx","statementMap":{"0":{"start":{"line":6,"column":32},"end":{"line":25,"column":null}},"1":{"start":{"line":16,"column":60},"end":{"line":16,"column":null}}},"fnMap":{"0":{"name":"(anonymous_0)","decl":{"start":{"line":6,"column":32},"end":{"line":6,"column":33}},"loc":{"start":{"line":6,"column":107},"end":{"line":25,"column":null}},"line":6},"1":{"name":"(anonymous_1)","decl":{"start":{"line":14,"column":34},"end":{"line":14,"column":35}},"loc":{"start":{"line":14,"column":35},"end":{"line":20,"column":null}},"line":14},"2":{"name":"(anonymous_2)","decl":{"start":{"line":16,"column":54},"end":{"line":16,"column":60}},"loc":{"start":{"line":16,"column":60},"end":{"line":16,"column":null}},"line":16}},"branchMap":{"0":{"loc":{"start":{"line":6,"column":35},"end":{"line":6,"column":67}},"type":"default-arg","locations":[{"start":{"line":6,"column":46},"end":{"line":6,"column":67}}],"line":6}},"s":{"0":1,"1":0},"f":{"0":1,"1":0,"2":0},"b":{"0":[1]},"meta":{"lastBranch":1,"lastFunction":3,"lastStatement":2,"seen":{"s:6:32:25:Infinity":0,"f:6:32:6:33":0,"b:6:46:6:67":0,"f:14:34:14:35":1,"f:16:54:16:60":2,"s:16:60:16:Infinity":1}}}
,"C:\\Users\\candr\\Documents\\Pausin\\React Course\\reactCourse\\04-gifs-app\\src\\shared\\components\\SearchBar.tsx": {"path":"C:\\Users\\candr\\Documents\\Pausin\\React Course\\reactCourse\\04-gifs-app\\src\\shared\\components\\SearchBar.tsx","statementMap":{"0":{"start":{"line":8,"column":25},"end":{"line":52,"column":null}},"1":{"start":{"line":9,"column":37},"end":{"line":9,"column":null}},"2":{"start":{"line":12,"column":4},"end":{"line":21,"column":null}},"3":{"start":{"line":13,"column":26},"end":{"line":15,"column":null}},"4":{"start":{"line":14,"column":12},"end":{"line":14,"column":null}},"5":{"start":{"line":17,"column":8},"end":{"line":19,"column":null}},"6":{"start":{"line":18,"column":12},"end":{"line":18,"column":null}},"7":{"start":{"line":23,"column":25},"end":{"line":25,"column":null}},"8":{"start":{"line":24,"column":8},"end":{"line":24,"column":null}},"9":{"start":{"line":27,"column":25},"end":{"line":30,"column":null}},"10":{"start":{"line":28,"column":8},"end":{"line":28,"column":null}},"11":{"start":{"line":29,"column":8},"end":{"line":29,"column":null}},"12":{"start":{"line":32,"column":32},"end":{"line":36,"column":null}},"13":{"start":{"line":33,"column":8},"end":{"line":35,"column":null}},"14":{"start":{"line":34,"column":12},"end":{"line":34,"column":null}}},"fnMap":{"0":{"name":"(anonymous_0)","decl":{"start":{"line":8,"column":25},"end":{"line":8,"column":26}},"loc":{"start":{"line":8,"column":81},"end":{"line":52,"column":null}},"line":8},"1":{"name":"(anonymous_1)","decl":{"start":{"line":12,"column":14},"end":{"line":12,"column":null}},"loc":{"start":{"line":12,"column":14},"end":{"line":21,"column":7}},"line":12},"2":{"name":"(anonymous_2)","decl":{"start":{"line":13,"column":37},"end":{"line":13,"column":null}},"loc":{"start":{"line":13,"column":37},"end":{"line":15,"column":11}},"line":13},"3":{"name":"(anonymous_3)","decl":{"start":{"line":17,"column":15},"end":{"line":17,"column":null}},"loc":{"start":{"line":17,"column":15},"end":{"line":19,"column":null}},"line":17},"4":{"name":"(anonymous_4)","decl":{"start":{"line":23,"column":25},"end":{"line":23,"column":26}},"loc":{"start":{"line":23,"column":26},"end":{"line":25,"column":null}},"line":23},"5":{"name":"(anonymous_5)","decl":{"start":{"line":27,"column":25},"end":{"line":27,"column":null}},"loc":{"start":{"line":27,"column":25},"end":{"line":30,"column":null}},"line":27},"6":{"name":"(anonymous_6)","decl":{"start":{"line":32,"column":32},"end":{"line":32,"column":33}},"loc":{"start":{"line":32,"column":33},"end":{"line":36,"column":null}},"line":32}},"branchMap":{"0":{"loc":{"start":{"line":8,"column":28},"end":{"line":8,"column":54}},"type":"default-arg","locations":[{"start":{"line":8,"column":42},"end":{"line":8,"column":54}}],"line":8},"1":{"loc":{"start":{"line":33,"column":8},"end":{"line":35,"column":null}},"type":"if","locations":[{"start":{"line":33,"column":8},"end":{"line":35,"column":null}},{"start":{},"end":{}}],"line":33}},"s":{"0":2,"1":13,"2":13,"3":13,"4":2,"5":13,"6":13,"7":13,"8":6,"9":13,"10":1,"11":1,"12":13,"13":0,"14":0},"f":{"0":13,"1":13,"2":2,"3":13,"4":6,"5":1,"6":0},"b":{"0":[13],"1":[0,0]},"meta":{"lastBranch":2,"lastFunction":7,"lastStatement":15,"seen":{"s:8:25:52:Infinity":0,"f:8:25:8:26":0,"b:8:42:8:54":0,"s:9:37:9:Infinity":1,"s:12:4:21:Infinity":2,"f:12:14:12:Infinity":1,"s:13:26:15:Infinity":3,"f:13:37:13:Infinity":2,"s:14:12:14:Infinity":4,"s:17:8:19:Infinity":5,"f:17:15:17:Infinity":3,"s:18:12:18:Infinity":6,"s:23:25:25:Infinity":7,"f:23:25:23:26":4,"s:24:8:24:Infinity":8,"s:27:25:30:Infinity":9,"f:27:25:27:Infinity":5,"s:28:8:28:Infinity":10,"s:29:8:29:Infinity":11,"s:32:32:36:Infinity":12,"f:32:32:32:33":6,"b:33:8:35:Infinity:undefined:undefined:undefined:undefined":1,"s:33:8:35:Infinity":13,"s:34:12:34:Infinity":14}}}
,"C:\\Users\\candr\\Documents\\Pausin\\React Course\\reactCourse\\04-gifs-app\\test\\mocks\\giphy.response.data.ts": {"path":"C:\\Users\\candr\\Documents\\Pausin\\React Course\\reactCourse\\04-gifs-app\\test\\mocks\\giphy.response.data.ts","statementMap":{"0":{"start":{"line":1,"column":33},"end":{"line":2017,"column":null}}},"fnMap":{},"branchMap":{},"s":{"0":1},"f":{},"b":{},"meta":{"lastBranch":0,"lastFunction":0,"lastStatement":1,"seen":{"s:1:33:2017:Infinity":0}}}
}
